<html>
<body>
<pre>
<h1>Vision Build Log</h1>
<h2>Tool Versions:</h2>
IDE-Version: μVision V5.23.0.0
Copyright (C) 2017 ARM Ltd and ARM Germany GmbH. All rights reserved.
License Information: 王 草凡, 辽宁科技大学, LIC=ZB4EI-T6KB6-WFLI7-EI69R-BBKKJ-03E65
 
Tool Versions:
Toolchain:       MDK-ARM Plus  Version: 5.23
Toolchain Path:  E:\MDK\ARM\ARMCC\Bin
C Compiler:      Armcc.exe V5.06 update 4 (build 422)
Assembler:       Armasm.exe V5.06 update 4 (build 422)
Linker/Locator:  ArmLink.exe V5.06 update 4 (build 422)
Library Manager: ArmAr.exe V5.06 update 4 (build 422)
Hex Converter:   FromElf.exe V5.06 update 4 (build 422)
CPU DLL:         SARMCM3.DLL V5.23
Dialog DLL:      DCM.DLL V1.15.0.0
Target DLL:      CMSIS_AGDI.dll V1.27.5.0
Dialog DLL:      TCM.DLL V1.27.0.0
 
<h2>Project:</h2>
E:\DJI work\2023-standard3\MDK-ARM\2023-standard.uvprojx
Project File Date:  05/07/2023

<h2>Output:</h2>
*** Using Compiler 'V5.06 update 4 (build 422)', folder: 'E:\MDK\ARM\ARMCC\Bin'
Build target '2023-standard'
compiling gimbal.c...
compiling chassis.c...
..\Device\Src\chassis.c(20): error:  #20: identifier "Left_Wheel" is undefined
  	[Left_Wheel] = {
..\Device\Src\chassis.c(23): error:  #20: identifier "Right_Wheel" is undefined
  	[Right_Wheel] = {
..\Device\Src\chassis.c(42): error:  #136: struct "<unnamed>"  has no field "rc_ctrl"
  		if(Chassis_Info->rc_ctrl->rc.s[0] == 3)
..\Device\Src\chassis.c(47): error:  #136: struct "<unnamed>"  has no field "rc_ctrl"
  		else if(Chassis_Info->rc_ctrl->rc.s[0] == 2)
..\Device\Src\chassis.c(58): warning:  #223-D: function "Key_SHIFT" declared implicitly
  		if((
rue == Chassis_Info->IF_SPIN_ENABLE || Key_SHIFT() == true) && (Chassis_Info->mode != CHASSIS_WEEK || CHASSIS_FLY != Chassis_Info->mode))
..\Device\Src\chassis.c(74): error:  #20: identifier "YawMotor" is undefined
  		Chassis_Info->Measure.yaw_angle = f_encoder_to_angle(&YawMotor.Data.encoder,8192.f);
..\Device\Src\chassis.c(80): error:  #136: struct "<unnamed>"  has no field "rc_ctrl"
  			Chassis_Info->Target.linespeed = fabs(arm_cos_f32(Chassis_Info->Measure.yaw_err/180.f*
I))*speed_control(-Chassis_Info->rc_ctrl->rc.ch[3]*0.4f-(Key_W()-Key_S())*Chassis_Info->Max.linespeed,Chassis_Info);
..\Device\Src\chassis.c(80): warning:  #223-D: function "Key_W" declared implicitly
  			Chassis_Info->Target.linespeed = fabs(arm_cos_f32(Chassis_Info->Measure.yaw_err/180.f*
I))*speed_control(-Chassis_Info->rc_ctrl->rc.ch[3]*0.4f-(Key_W()-Key_S())*Chassis_Info->Max.linespeed,Chassis_Info);
..\Device\Src\chassis.c(80): warning:  #223-D: function "Key_S" declared implicitly
  			Chassis_Info->Target.linespeed = fabs(arm_cos_f32(Chassis_Info->Measure.yaw_err/180.f*
I))*speed_control(-Chassis_Info->rc_ctrl->rc.ch[3]*0.4f-(Key_W()-Key_S())*Chassis_Info->Max.linespeed,Chassis_Info);
..\Device\Src\chassis.c(99): error:  #20: identifier "MT9025" is undefined
  		Chassis_Info->Measure.linespeed = (float)(-MT9025[Left_Wheel].Data.velocity + MT9025[Right_Wheel].Data.velocity)/2.f*MOTOR_RPM_TO_LINE_SPEED*100.f;
..\Device\Src\chassis.c(217): error:  #20: identifier "rc_ctrl_t" is undefined
  void get_rc_ctrl_data(uint32_t *canId, uint8_t *rxBuf,rc_ctrl_t *rc_ctrl)
..\Device\Src\chassis.c(176): warning:  #177-D: function "ramp_float"  was declared but never referenced
  static float ramp_float( float final, float now, float ramp )
..\Device\Src\chassis.c: 4 warnings, 8 errors
"2023-standard\2023-standard.axf" - 8 Error(s), 4 Warning(s).

<h2>Collection of Component include folders:</h2>
  .\RTE\_2023-standard
  E:\MDK\ARM\PACK\Keil\STM32F4xx_DFP\2.9.0\Drivers\CMSIS\Device\ST\STM32F4xx\Include

<h2>Collection of Component Files used:</h2>
Target not created.
Build Time Elapsed:  00:00:02
</pre>
</body>
</html>
